2024-04-18 16:13:56 INFO     Loading test data...
2024-04-18 16:13:56 INFO     Split index: 4017
2024-04-18 16:13:59 INFO     Remaining images: 416
2024-04-18 16:13:59 INFO     Batch 1 with 32 images
2024-04-18 16:13:59 INFO     Batch 1 loaded...
2024-04-18 16:13:59 INFO     Augmenting data: 4 times...
2024-04-18 16:14:00 INFO     Data augmented in 1.4671359062194824 secs...
2024-04-18 16:14:00 INFO     Extracting DCT coefficients...
2024-04-18 16:14:04 INFO     DCT coefficients extracted in 3.3670217990875244 secs...
2024-04-18 16:14:04 INFO     Loading pre-trained feature extractors...
2024-04-18 16:14:04 INFO     Extracting features for 128 patches...
2024-04-18 16:14:04 INFO     Start extracting features for channel Y...
2024-04-18 16:14:05 INFO     Finish extracting features for channel Y...
2024-04-18 16:14:05 INFO     Start extracting features for channel U...
2024-04-18 16:14:07 INFO     Finish extracting features for channel U...
2024-04-18 16:14:07 INFO     Start extracting features for channel V...
2024-04-18 16:14:07 INFO     Finish extracting features for channel V...
2024-04-18 16:14:07 INFO     Features for 128 images are extracted in 3.6746652126312256 secs...
2024-04-18 16:14:08 INFO     Testing...
2024-04-18 16:14:08 INFO     SRCC: 0.9252199413489736
2024-04-18 16:14:08 INFO     PLCC: 0.955342366616387
2024-04-18 16:14:08 INFO     KRCC: 0.7862903225806454
2024-04-18 16:14:10 INFO     Remaining images: 384
2024-04-18 16:14:10 INFO     Batch 2 with 32 images
2024-04-18 16:14:10 INFO     Batch 2 loaded...
2024-04-18 16:14:10 INFO     Augmenting data: 4 times...
2024-04-18 16:14:16 INFO     Data augmented in 5.809313774108887 secs...
2024-04-18 16:14:16 INFO     Extracting DCT coefficients...
2024-04-18 16:14:26 INFO     DCT coefficients extracted in 9.462964296340942 secs...
2024-04-18 16:14:26 INFO     Loading pre-trained feature extractors...
2024-04-18 16:14:26 INFO     Extracting features for 128 patches...
2024-04-18 16:14:26 INFO     Start extracting features for channel Y...
2024-04-18 16:14:27 INFO     Finish extracting features for channel Y...
2024-04-18 16:14:27 INFO     Start extracting features for channel U...
2024-04-18 16:14:27 INFO     Finish extracting features for channel U...
2024-04-18 16:14:27 INFO     Start extracting features for channel V...
2024-04-18 16:14:28 INFO     Finish extracting features for channel V...
2024-04-18 16:14:28 INFO     Features for 128 images are extracted in 2.1741702556610107 secs...
2024-04-18 16:14:28 INFO     Testing...
2024-04-18 16:14:28 INFO     SRCC: 0.9134897360703812
2024-04-18 16:14:28 INFO     PLCC: 0.9220801160297248
2024-04-18 16:14:28 INFO     KRCC: 0.7661290322580647
2024-04-18 16:14:31 INFO     Remaining images: 352
2024-04-18 16:14:31 INFO     Batch 3 with 32 images
2024-04-18 16:14:31 INFO     Batch 3 loaded...
2024-04-18 16:14:31 INFO     Augmenting data: 4 times...
2024-04-18 16:14:34 INFO     Data augmented in 2.9552791118621826 secs...
2024-04-18 16:14:34 INFO     Extracting DCT coefficients...
2024-04-18 16:14:37 INFO     DCT coefficients extracted in 2.6539714336395264 secs...
2024-04-18 16:14:37 INFO     Loading pre-trained feature extractors...
2024-04-18 16:14:37 INFO     Extracting features for 128 patches...
2024-04-18 16:14:37 INFO     Start extracting features for channel Y...
2024-04-18 16:14:38 INFO     Finish extracting features for channel Y...
2024-04-18 16:14:38 INFO     Start extracting features for channel U...
2024-04-18 16:14:39 INFO     Finish extracting features for channel U...
2024-04-18 16:14:39 INFO     Start extracting features for channel V...
2024-04-18 16:14:41 INFO     Finish extracting features for channel V...
2024-04-18 16:14:41 INFO     Features for 128 images are extracted in 3.49160099029541 secs...
2024-04-18 16:14:41 INFO     Testing...
2024-04-18 16:14:41 INFO     SRCC: 0.8196480938416422
2024-04-18 16:14:41 INFO     PLCC: 0.9525004327240896
2024-04-18 16:14:41 INFO     KRCC: 0.6491935483870969
2024-04-18 16:14:43 INFO     Remaining images: 320
2024-04-18 16:14:43 INFO     Batch 4 with 32 images
2024-04-18 16:14:43 INFO     Batch 4 loaded...
2024-04-18 16:14:44 INFO     Augmenting data: 4 times...
2024-04-18 16:14:47 INFO     Data augmented in 3.783217668533325 secs...
2024-04-18 16:14:47 INFO     Extracting DCT coefficients...
2024-04-18 16:14:51 INFO     DCT coefficients extracted in 3.506756544113159 secs...
2024-04-18 16:14:51 INFO     Loading pre-trained feature extractors...
2024-04-18 16:14:51 INFO     Extracting features for 128 patches...
2024-04-18 16:14:51 INFO     Start extracting features for channel Y...
2024-04-18 16:14:52 INFO     Finish extracting features for channel Y...
2024-04-18 16:14:52 INFO     Start extracting features for channel U...
2024-04-18 16:14:53 INFO     Finish extracting features for channel U...
2024-04-18 16:14:53 INFO     Start extracting features for channel V...
2024-04-18 16:14:54 INFO     Finish extracting features for channel V...
2024-04-18 16:14:54 INFO     Features for 128 images are extracted in 3.0742568969726562 secs...
2024-04-18 16:14:54 INFO     Testing...
2024-04-18 16:14:54 INFO     SRCC: 0.9171554252199411
2024-04-18 16:14:54 INFO     PLCC: 0.9398657859900137
2024-04-18 16:14:54 INFO     KRCC: 0.7500000000000001
2024-04-18 16:14:57 INFO     Remaining images: 288
2024-04-18 16:14:57 INFO     Batch 5 with 32 images
2024-04-18 16:14:57 INFO     Batch 5 loaded...
2024-04-18 16:14:57 INFO     Augmenting data: 4 times...
2024-04-18 16:15:00 INFO     Data augmented in 3.327716827392578 secs...
2024-04-18 16:15:00 INFO     Extracting DCT coefficients...
2024-04-18 16:15:03 INFO     DCT coefficients extracted in 2.172755718231201 secs...
2024-04-18 16:15:03 INFO     Loading pre-trained feature extractors...
2024-04-18 16:15:03 INFO     Extracting features for 128 patches...
2024-04-18 16:15:03 INFO     Start extracting features for channel Y...
2024-04-18 16:15:03 INFO     Finish extracting features for channel Y...
2024-04-18 16:15:03 INFO     Start extracting features for channel U...
2024-04-18 16:15:03 INFO     Finish extracting features for channel U...
2024-04-18 16:15:03 INFO     Start extracting features for channel V...
2024-04-18 16:15:04 INFO     Finish extracting features for channel V...
2024-04-18 16:15:04 INFO     Features for 128 images are extracted in 1.203824758529663 secs...
2024-04-18 16:15:04 INFO     Testing...
2024-04-18 16:15:04 INFO     SRCC: 0.8676686217008798
2024-04-18 16:15:04 INFO     PLCC: 0.9213886036899445
2024-04-18 16:15:04 INFO     KRCC: 0.7056451612903227
2024-04-18 16:15:06 INFO     Remaining images: 256
2024-04-18 16:15:06 INFO     Batch 6 with 32 images
2024-04-18 16:15:06 INFO     Batch 6 loaded...
2024-04-18 16:15:06 INFO     Augmenting data: 4 times...
2024-04-18 16:15:10 INFO     Data augmented in 3.3481199741363525 secs...
2024-04-18 16:15:10 INFO     Extracting DCT coefficients...
2024-04-18 16:15:12 INFO     DCT coefficients extracted in 2.159371852874756 secs...
2024-04-18 16:15:12 INFO     Loading pre-trained feature extractors...
2024-04-18 16:15:12 INFO     Extracting features for 128 patches...
2024-04-18 16:15:12 INFO     Start extracting features for channel Y...
2024-04-18 16:15:12 INFO     Finish extracting features for channel Y...
2024-04-18 16:15:12 INFO     Start extracting features for channel U...
2024-04-18 16:15:13 INFO     Finish extracting features for channel U...
2024-04-18 16:15:13 INFO     Start extracting features for channel V...
2024-04-18 16:15:13 INFO     Finish extracting features for channel V...
2024-04-18 16:15:13 INFO     Features for 128 images are extracted in 1.0077321529388428 secs...
2024-04-18 16:15:13 INFO     Testing...
2024-04-18 16:15:13 INFO     SRCC: 0.9497800586510262
2024-04-18 16:15:13 INFO     PLCC: 0.96319086853881
2024-04-18 16:15:13 INFO     KRCC: 0.8104838709677421
2024-04-18 16:15:16 INFO     Remaining images: 224
2024-04-18 16:15:16 INFO     Batch 7 with 32 images
2024-04-18 16:15:16 INFO     Batch 7 loaded...
2024-04-18 16:15:16 INFO     Augmenting data: 4 times...
2024-04-18 16:15:18 INFO     Data augmented in 2.040567398071289 secs...
2024-04-18 16:15:18 INFO     Extracting DCT coefficients...
2024-04-18 16:15:21 INFO     DCT coefficients extracted in 2.893775701522827 secs...
2024-04-18 16:15:21 INFO     Loading pre-trained feature extractors...
2024-04-18 16:15:21 INFO     Extracting features for 128 patches...
2024-04-18 16:15:21 INFO     Start extracting features for channel Y...
2024-04-18 16:15:21 INFO     Finish extracting features for channel Y...
2024-04-18 16:15:21 INFO     Start extracting features for channel U...
2024-04-18 16:15:22 INFO     Finish extracting features for channel U...
2024-04-18 16:15:22 INFO     Start extracting features for channel V...
2024-04-18 16:15:22 INFO     Finish extracting features for channel V...
2024-04-18 16:15:22 INFO     Features for 128 images are extracted in 0.9964563846588135 secs...
2024-04-18 16:15:22 INFO     Testing...
2024-04-18 16:15:22 INFO     SRCC: 0.9497800586510262
2024-04-18 16:15:22 INFO     PLCC: 0.9615207267636707
2024-04-18 16:15:22 INFO     KRCC: 0.8225806451612904
2024-04-18 16:15:23 INFO     Remaining images: 192
2024-04-18 16:15:23 INFO     Batch 8 with 32 images
2024-04-18 16:15:23 INFO     Batch 8 loaded...
2024-04-18 16:15:24 INFO     Augmenting data: 4 times...
2024-04-18 16:15:24 INFO     Data augmented in 0.8794410228729248 secs...
2024-04-18 16:15:24 INFO     Extracting DCT coefficients...
2024-04-18 16:15:27 INFO     DCT coefficients extracted in 2.2741990089416504 secs...
2024-04-18 16:15:27 INFO     Loading pre-trained feature extractors...
2024-04-18 16:15:27 INFO     Extracting features for 128 patches...
2024-04-18 16:15:27 INFO     Start extracting features for channel Y...
2024-04-18 16:15:27 INFO     Finish extracting features for channel Y...
2024-04-18 16:15:27 INFO     Start extracting features for channel U...
2024-04-18 16:15:27 INFO     Finish extracting features for channel U...
2024-04-18 16:15:27 INFO     Start extracting features for channel V...
2024-04-18 16:15:28 INFO     Finish extracting features for channel V...
2024-04-18 16:15:28 INFO     Features for 128 images are extracted in 0.871898889541626 secs...
2024-04-18 16:15:28 INFO     Testing...
2024-04-18 16:15:28 INFO     SRCC: 0.970674486803519
2024-04-18 16:15:28 INFO     PLCC: 0.9579941572897543
2024-04-18 16:15:28 INFO     KRCC: 0.8588709677419356
2024-04-18 16:15:29 INFO     Remaining images: 160
2024-04-18 16:15:29 INFO     Batch 9 with 32 images
2024-04-18 16:15:29 INFO     Batch 9 loaded...
2024-04-18 16:15:29 INFO     Augmenting data: 4 times...
2024-04-18 16:15:30 INFO     Data augmented in 0.7655351161956787 secs...
2024-04-18 16:15:30 INFO     Extracting DCT coefficients...
2024-04-18 16:15:32 INFO     DCT coefficients extracted in 1.9233853816986084 secs...
2024-04-18 16:15:32 INFO     Loading pre-trained feature extractors...
2024-04-18 16:15:32 INFO     Extracting features for 128 patches...
2024-04-18 16:15:32 INFO     Start extracting features for channel Y...
2024-04-18 16:15:32 INFO     Finish extracting features for channel Y...
2024-04-18 16:15:32 INFO     Start extracting features for channel U...
2024-04-18 16:15:32 INFO     Finish extracting features for channel U...
2024-04-18 16:15:32 INFO     Start extracting features for channel V...
2024-04-18 16:15:33 INFO     Finish extracting features for channel V...
2024-04-18 16:15:33 INFO     Features for 128 images are extracted in 0.7002770900726318 secs...
2024-04-18 16:15:33 INFO     Testing...
2024-04-18 16:15:33 INFO     SRCC: 0.9387829912023459
2024-04-18 16:15:33 INFO     PLCC: 0.9563520419882937
2024-04-18 16:15:33 INFO     KRCC: 0.8024193548387097
2024-04-18 16:15:35 INFO     Remaining images: 128
2024-04-18 16:15:35 INFO     Batch 10 with 32 images
2024-04-18 16:15:35 INFO     Batch 10 loaded...
2024-04-18 16:15:35 INFO     Augmenting data: 4 times...
2024-04-18 16:15:35 INFO     Data augmented in 0.7038593292236328 secs...
2024-04-18 16:15:35 INFO     Extracting DCT coefficients...
2024-04-18 16:15:37 INFO     DCT coefficients extracted in 2.0775907039642334 secs...
2024-04-18 16:15:37 INFO     Loading pre-trained feature extractors...
2024-04-18 16:15:38 INFO     Extracting features for 128 patches...
2024-04-18 16:15:38 INFO     Start extracting features for channel Y...
2024-04-18 16:15:38 INFO     Finish extracting features for channel Y...
2024-04-18 16:15:38 INFO     Start extracting features for channel U...
2024-04-18 16:15:38 INFO     Finish extracting features for channel U...
2024-04-18 16:15:38 INFO     Start extracting features for channel V...
2024-04-18 16:15:38 INFO     Finish extracting features for channel V...
2024-04-18 16:15:38 INFO     Features for 128 images are extracted in 0.86122727394104 secs...
2024-04-18 16:15:38 INFO     Testing...
2024-04-18 16:15:39 INFO     SRCC: 0.8944281524926685
2024-04-18 16:15:39 INFO     PLCC: 0.9498794860785795
2024-04-18 16:15:39 INFO     KRCC: 0.7258064516129034
2024-04-18 16:15:40 INFO     Remaining images: 96
2024-04-18 16:15:40 INFO     Batch 11 with 32 images
2024-04-18 16:15:40 INFO     Batch 11 loaded...
2024-04-18 16:15:40 INFO     Augmenting data: 4 times...
2024-04-18 16:15:41 INFO     Data augmented in 0.550091028213501 secs...
2024-04-18 16:15:41 INFO     Extracting DCT coefficients...
2024-04-18 16:15:43 INFO     DCT coefficients extracted in 1.7025229930877686 secs...
2024-04-18 16:15:43 INFO     Loading pre-trained feature extractors...
2024-04-18 16:15:43 INFO     Extracting features for 128 patches...
2024-04-18 16:15:43 INFO     Start extracting features for channel Y...
2024-04-18 16:15:43 INFO     Finish extracting features for channel Y...
2024-04-18 16:15:43 INFO     Start extracting features for channel U...
2024-04-18 16:15:43 INFO     Finish extracting features for channel U...
2024-04-18 16:15:43 INFO     Start extracting features for channel V...
2024-04-18 16:15:44 INFO     Finish extracting features for channel V...
2024-04-18 16:15:44 INFO     Features for 128 images are extracted in 1.2797248363494873 secs...
2024-04-18 16:15:44 INFO     Testing...
2024-04-18 16:15:44 INFO     SRCC: 0.912390029325513
2024-04-18 16:15:44 INFO     PLCC: 0.9510140524255605
2024-04-18 16:15:44 INFO     KRCC: 0.7580645161290324
2024-04-18 16:15:46 INFO     Remaining images: 64
2024-04-18 16:15:46 INFO     Batch 12 with 32 images
2024-04-18 16:15:46 INFO     Batch 12 loaded...
2024-04-18 16:15:46 INFO     Augmenting data: 4 times...
2024-04-18 16:15:46 INFO     Data augmented in 0.45100831985473633 secs...
2024-04-18 16:15:46 INFO     Extracting DCT coefficients...
2024-04-18 16:15:48 INFO     DCT coefficients extracted in 1.8690004348754883 secs...
2024-04-18 16:15:48 INFO     Loading pre-trained feature extractors...
2024-04-18 16:15:48 INFO     Extracting features for 128 patches...
2024-04-18 16:15:48 INFO     Start extracting features for channel Y...
2024-04-18 16:15:49 INFO     Finish extracting features for channel Y...
2024-04-18 16:15:49 INFO     Start extracting features for channel U...
2024-04-18 16:15:50 INFO     Finish extracting features for channel U...
2024-04-18 16:15:50 INFO     Start extracting features for channel V...
2024-04-18 16:15:51 INFO     Finish extracting features for channel V...
2024-04-18 16:15:51 INFO     Features for 128 images are extracted in 2.6232268810272217 secs...
2024-04-18 16:15:51 INFO     Testing...
2024-04-18 16:15:51 INFO     SRCC: 0.8963431437150772
2024-04-18 16:15:51 INFO     PLCC: 0.9061074957455175
2024-04-18 16:15:51 INFO     KRCC: 0.748739029030813
2024-04-18 16:15:52 INFO     Remaining images: 32
2024-04-18 16:15:52 INFO     Batch 13 with 32 images
2024-04-18 16:15:52 INFO     Batch 13 loaded...
2024-04-18 16:15:52 INFO     Augmenting data: 4 times...
2024-04-18 16:15:53 INFO     Data augmented in 0.37171292304992676 secs...
2024-04-18 16:15:53 INFO     Extracting DCT coefficients...
2024-04-18 16:15:54 INFO     DCT coefficients extracted in 1.81264328956604 secs...
2024-04-18 16:15:54 INFO     Loading pre-trained feature extractors...
2024-04-18 16:15:54 INFO     Extracting features for 128 patches...
2024-04-18 16:15:54 INFO     Start extracting features for channel Y...
2024-04-18 16:15:55 INFO     Finish extracting features for channel Y...
2024-04-18 16:15:55 INFO     Start extracting features for channel U...
2024-04-18 16:15:55 INFO     Finish extracting features for channel U...
2024-04-18 16:15:55 INFO     Start extracting features for channel V...
2024-04-18 16:15:56 INFO     Finish extracting features for channel V...
2024-04-18 16:15:56 INFO     Features for 128 images are extracted in 1.370760440826416 secs...
2024-04-18 16:15:56 INFO     Testing...
2024-04-18 16:15:56 INFO     SRCC: 0.9750733137829911
2024-04-18 16:15:56 INFO     PLCC: 0.9525256001816622
2024-04-18 16:15:56 INFO     KRCC: 0.8750000000000001
2024-04-18 16:15:57 INFO     Final batch 14 with 31 images
2024-04-18 16:15:57 INFO     Batch 14 loaded...
2024-04-18 16:15:58 INFO     Augmenting data: 4 times...
2024-04-18 16:15:58 INFO     Data augmented in 0.38097214698791504 secs...
2024-04-18 16:15:58 INFO     Extracting DCT coefficients...
2024-04-18 16:16:00 INFO     DCT coefficients extracted in 1.8352363109588623 secs...
2024-04-18 16:16:00 INFO     Loading pre-trained feature extractors...
2024-04-18 16:16:00 INFO     Extracting features for 124 patches...
2024-04-18 16:16:00 INFO     Start extracting features for channel Y...
2024-04-18 16:16:00 INFO     Finish extracting features for channel Y...
2024-04-18 16:16:00 INFO     Start extracting features for channel U...
2024-04-18 16:16:01 INFO     Finish extracting features for channel U...
2024-04-18 16:16:01 INFO     Start extracting features for channel V...
2024-04-18 16:16:01 INFO     Finish extracting features for channel V...
2024-04-18 16:16:01 INFO     Features for 124 images are extracted in 1.5901374816894531 secs...
2024-04-18 16:16:01 INFO     Testing...
2024-04-18 16:16:02 INFO     SRCC: 0.9133064516129032
2024-04-18 16:16:02 INFO     PLCC: 0.9340834703980085
2024-04-18 16:16:02 INFO     KRCC: 0.7763440860215054
